<?xml version="1.0" encoding="UTF-8"?>
<testsuite xmlns:xsi="http://www.w3.org/2001/XMLSchema-instance" xsi:noNamespaceSchemaLocation="https://maven.apache.org/surefire/maven-surefire-plugin/xsd/surefire-test-report-3.0.xsd" version="3.0" name="in.amazon.testrunner.TestRunner" time="81.611" tests="2" errors="0" skipped="0" failures="0">
  <properties>
[...]
</properties>
  <testcase name="Search for mobile related products." classname="As an amazon user" time="2.693">
    <system-out><![CDATA[2022-09-05 18:59:56,392 [main] INFO  in.amazon.pageobjects.AmazonHomePage - Verifying, is amazon page open
2022-09-05 18:59:56,434 [main] INFO  in.amazon.pageobjects.AmazonHomePage - Searching for product
2022-09-05 18:59:58,250 [main] INFO  in.amazon.pageobjects.AmazonHomePage - Verifying whether it is a results page
]]></system-out>
    <system-err><![CDATA[[main] INFO com.epam.reportportal.service.Launch - Rerun: false
[main] INFO io.github.bonigarcia.wdm.WebDriverManager - Using chromedriver 104.0.5112.79 (resolved driver for Chrome 104)
[main] INFO io.github.bonigarcia.wdm.WebDriverManager - Exporting webdriver.chrome.driver as C:\Users\Suresh_Yarava\.cache\selenium\chromedriver\win32\104.0.5112.79\chromedriver.exe
Starting ChromeDriver 104.0.5112.79 (3cf3e8c8a07d104b9e1260c910efb8f383285dc5-refs/branch-heads/5112@{#1307}) on port 13587
Only local connections are allowed.
Please see https://chromedriver.chromium.org/security-considerations for suggestions on keeping ChromeDriver safe.
ChromeDriver was started successfully.
Sep 05, 2022 6:59:53 PM org.openqa.selenium.remote.ProtocolHandshake createSession
INFO: Detected dialect: W3C
]]></system-err>
  </testcase>
  <testcase name="Search for mobile related products by applying different filters" classname="As an amazon user" time="72.669">
    <system-out><![CDATA[2022-09-05 18:59:58,371 [main] INFO  in.amazon.pageobjects.AmazonHomePage - Verifying whether it is a results page
2022-09-05 18:59:58,401 [main] INFO  in.amazon.pageobjects.AmazonHomePage - Selecting the checkbox Get It by Tomorrow
2022-09-05 18:59:59,132 [main] INFO  in.amazon.pageobjects.AmazonHomePage - Verifying whether it is a results page
2022-09-05 18:59:59,722 [main] INFO  in.amazon.pageobjects.AmazonHomePage - Getting the list of results from the results obtained from the product search
]]></system-out>
  </testcase>
</testsuite>